<!DOCTYPE html>
<html><body>
    <h1 id="brand">
        <a href="../../../../" title="三次元日誌" rel="home">
            <span id="blog-title">三次元日誌</span>
        </a>
    </h1>
    <hr>
<main id="content"><h1 class="p-name entry-title" itemprop="headline name">
    <a href="." class="u-url">PixarのUniversal Scene Descriptionをビルドしてみる</a>
</h1>
<div>
<p>20170902。実はビルドスクリプトがあって、簡単になっていた。</p>
<p>動画でCEDEC2017のセッションを聞いてよさげな気がしたので再度やってみた(ちょっと前に途中までやって放置していた)。
usdviewが使えるようにするとよいらしい。</p>
<h3>Pixar USD の Windows ビルド方法（2017/9 版）</h3>
<p>自動ビルドスクリプトがついているので放っておくだけなのだけど、うまくいかなかったところを補足する。
環境は、Windows10(64bit) + VisualStudio2017 + VisualStudio2015のコンパイラ追加インストール(VisualStudio2017のインストールメニューにある)
visualstudio補足
VisualStudioは、最近のバージョンに限ってもいろいろある。</p>
<p>VisualStudio2017(MSVC14.1)のみ
VisualStudio2017(MSVC14.1)にVS2015(MSVC14.0)のコンパイラが追加インストールされている(うちはこれ)
VisualStudio2015(MSVC14.0)のみ
Visual C++ 2015 Build Tools(MSVC14.0)Python3ビルド向けにIDEの無いバージョン)</p>
<p>ものによってvcvars.batの場所が違って、bjamとかdistutilsがコンパイラの発見に失敗したりする場合があるようだ。
cl.exeが見つからないような場合、visualstudioの提供する設定済みのdosプロンプトから始めるのが手堅いかもしれない。
一応、
VisualStudio2017 - x64 native tools command promptからはじめる。
CMakeはVisualStudioの検出にあまり失敗しないので、おもにBoostのビルド対策。
効果があったかは不明。
D:\work&gt; cl
Microsoft(R) C/C++ Optimizing Compiler Version 19.10.25019 for x64
Copyright (C) Microsoft Corporation.  All rights reserved.</p>
<p>使い方: cl [ オプション... ] ファイル名... [ /link リンク オプション... ]</p>
<p>VS2017しか入っていないとき
build_usd.py内Boost.Pythonに関してmsvc=14.0指定(VS2015)があるので、これをコメントアウトすればたぶんVS2017しかなくてもビルドできる。Windows版のPython2.7のビルドコンパイラはVS2008(MSVC9.0)らしい。</p>
<p><a href="https://www.microsoft.com/en-us/download/details.aspx?id=44266">https://www.microsoft.com/en-us/download/details.aspx?id=44266</a></p>
<p>python補足
Python27以外のPythonが入っているとはまる率が上がる。</p>
<pre class="code literal-block"><span></span><span class="nt">D</span><span class="o">:</span><span class="err">\</span><span class="nt">work</span><span class="o">&gt;</span> <span class="nt">python</span> <span class="nt">-V</span>
<span class="nt">Python</span> <span class="nt">3</span><span class="p">.</span><span class="nc">6</span><span class="p">.</span><span class="nc">0</span> <span class="o">::</span> <span class="nt">Anaconda</span> <span class="nt">4</span><span class="p">.</span><span class="nc">3</span><span class="p">.</span><span class="nc">0</span> <span class="o">(</span><span class="nt">64-bit</span><span class="o">)</span>

<span class="nt">違うPythonだー</span><span class="err">。</span>
<span class="nt">D</span><span class="o">:</span><span class="err">\</span><span class="nt">work</span><span class="o">&gt;</span> <span class="nt">set</span> <span class="nt">PATH</span><span class="o">=</span><span class="nt">D</span><span class="o">:</span><span class="err">\</span><span class="nt">Python27</span><span class="o">;</span><span class="nt">D</span><span class="o">:</span><span class="err">\</span><span class="nt">Python27</span><span class="err">\</span><span class="nt">Scripts</span><span class="o">;%</span><span class="nt">PATH</span><span class="o">%</span>
<span class="nt">D</span><span class="o">:</span><span class="err">\</span><span class="nt">work</span><span class="o">&gt;</span> <span class="nt">python</span> <span class="nt">-V</span>
<span class="nt">Python</span> <span class="nt">2</span><span class="p">.</span><span class="nc">7</span><span class="p">.</span><span class="nc">14rc1</span>
<span class="nt">D</span><span class="o">:</span><span class="err">\</span><span class="nt">work</span><span class="o">&gt;</span> <span class="nt">pip</span> <span class="nt">install</span> <span class="nt">pyside</span>
<span class="nt">Collecting</span> <span class="nt">pyside</span>
  <span class="nt">Downloading</span> <span class="nt">PySide-1</span><span class="p">.</span><span class="nc">2</span><span class="p">.</span><span class="nc">4-cp27-none-win_amd64</span><span class="p">.</span><span class="nc">whl</span> <span class="o">(</span><span class="nt">45</span><span class="p">.</span><span class="nc">0MB</span><span class="o">)</span>
    <span class="nt">100</span><span class="o">%</span> <span class="o">|</span><span class="err">################################</span><span class="o">|</span> <span class="nt">45</span><span class="p">.</span><span class="nc">0MB</span> <span class="nt">36kB</span><span class="o">/</span><span class="nt">s</span>
<span class="nt">Installing</span> <span class="nt">collected</span> <span class="nt">packages</span><span class="o">:</span> <span class="nt">pyside</span>
<span class="nt">Successfully</span> <span class="nt">installed</span> <span class="nt">pyside-1</span><span class="p">.</span><span class="nc">2</span><span class="p">.</span><span class="nc">4</span>
</pre>

<p>python使いたるもの２系、３系両方入っていたりするものである。
cloneしてビルドスクリプトを実行</p>
<pre class="code literal-block"><span></span>D:\work&gt; git clone https://github.com/PixarAnimationStudios/USD

D:\work&gt; mkdir USD_build
D:\work&gt; cd USD_build
D:\work\USD_build&gt;

D:\work\USD_build&gt; python ..\USD\build_scripts\build_usd.py
usage: build_usd.py [-h] [-n] [-v | -q] [--build BUILD]
                    [--generator GENERATOR]
                    [--build-shared | --build-monolithic] [--src SRC]
                    [--inst INST] [--force FORCE_BUILD] [--force-all]
                    [--tests | --no-tests] [--docs | --no-docs]
                    [--imaging | --usd-imaging | --no-imaging]
                    [--ptex | --no-ptex] [--embree | --no-embree]
                    [--embree-location EMBREE_LOCATION]
                    [--alembic | --no-alembic] [--hdf5 | --no-hdf5]
                    [--maya | --no-maya] [--maya-location MAYA_LOCATION]
                    [--katana | --no-katana]
                    [--katana-api-location KATANA_API_LOCATION]
                    [--houdini | --no-houdini]
                    [--houdini-location HOUDINI_LOCATION]
                    install_dir
build_usd.py: error: too few arguments

D:\work\USD_build&gt; python ..\USD\build_scripts\build_usd.py .
ERROR: CMake not found -- please install it and adjust your PATH
</pre>

<p>こんな風に足りないツールのメッセージが出るのでせっせとインストールしてパスを設定する。</p>
<blockquote>
<p>set PATH=D:\Program Files\CMake\bin;%PATH%
set PATH=D:\Program Files\NASM;%PATH%</p>
</blockquote>
<p>build…</p>
<h3>Alembicとか無しの最小ビルド。</h3>
<pre class="code literal-block"><span></span>D:\work\USD_build&gt; python ..\USD\build_scripts\build_usd.py .

Building with settings:
  USD source directory          D:\work\USD
  USD install directory         D:\work\USD_build
  3rd-party source directory    D:\work\USD_build\src
  3rd-party install directory   D:\work\USD_build
  Build directory               D:\work\USD_build\build

  Building                      Shared libraries
    Imaging                     On
      Ptex support:             Off
    UsdImaging                  On
    Documentation               Off
    Tests                       Off
    Alembic Plugin              Off
      HDF5 support:             Off
    Maya Plugin                 Off
    Katana Plugin               Off
    Houdini Plugin              Off

    Dependencies                zlib, boost, TBB, JPEG, TIFF, PNG, OpenEXR, GLEW, OpenImageIO, OpenSubdiv, PyOpenGL

STATUS: Installing zlib...
STATUS: Installing boost...
STATUS: Installing TBB...
STATUS: Installing JPEG...
STATUS: Installing TIFF...
STATUS: Installing PNG...
</pre>

<p>こんな感じに順番にビルドが進んでいく。
pngのビルドでこけた
pngrutil.obj : error LNK2019: 未解決の外部シンボル inflateValidate が関数 png_inflate_claim で参照されました。</p>
<p>何故か、zlibへのリンクがうまくいっていない？
CMakeのGUIでsourceをUSD_build/src/libpng-1.6.29、buildをD:/dev/_alembic/USD_build/build/libpng-1.6.29にして確認するとZLIB_LIBRARY_RELEASEがC:/Program Files/Anaconda3/Library/lib/z.libになっていてお察し。
pythonをフルパスで指定したらなんか治った。違うPythonが意図せず使われていたか。
dos窓は、whichコマンドが無いしよくわからん。</p>
<pre class="code literal-block"><span></span>work\USD_build&gt; D:\python27\python ..\USD\build_scripts\build_usd.py . --force png

STATUS: Installing PNG...
STATUS: Installing OpenEXR...
STATUS: Installing GLEW...
STATUS: Installing OpenImageIO...
STATUS: Installing OpenSubdiv...
STATUS: Installing PyOpenGL...
STATUS: Installing PyOpenGL...
STATUS: Installing USD...

Success! To use USD, please ensure that you have:
  The following in your PYTHONPATH environment variable:
    D:\dev\_alembic\USD_build\lib\python

  The following in your PATH environment variable:
    D:\dev\_alembic\USD_build\bin
    D:\dev\_alembic\USD_build\lib
</pre>

<p>ビルドできた。</p>
<h3>Boost.Pythonメモ</h3>
<p>boost_python-vc140-mt-1_61.dllがpython36.dllとか違うのにリンクしてしまう場合。
最悪PythonをすべてアンインストールしてPython27(64bit)だけをインストールすればいけるのだが、それでは負けた気がするのでBoost.Pythonに使うPythonを強制する方法。
USD_BUILD/user-conifg.jam
using python
    : 2.7                   # Version
    : C:\Python27\python.exe      # Python Path
    : C:\Python27\include         # include path
    : C:\Python27\libs            # lib path(s)
    ;</p>
<p>を作って環境変数BOOST_BUILD_PATHをuser-config.jamのあるディレクトリに指定する。
%USERROFILE%\user-config.jamに作ってBOOST_BUILD_PATH無しでもよいが、消し忘れるとあとではまる可能性が増えると思う。</p>
<p>http://www.boost.org/build/doc/html/bbv2/overview/configuration.html</p>
<p>WindowsのBoost.Pythonは作るときも使うときもリンクではまる。
usdviewを使ってみる
USD_BUILD/bin/usdviewがある。
USD_BUILD\bin&gt; D:\python27\python usdview</p>
<p>sys.path
Traceback (most recent call last):
  File "usdview", line 25, in <module>
    import pxr.Usdviewq as Usdviewq
ImportError: No module named pxr.Usdviewq</module></p>
<p>environ[‘PATH’]
Traceback (most recent call last):
  File "usdview", line 37, in <module>
    Usdviewq.Launcher().Run()
  File "D:\dev_alembic\USD_build\lib\python\pxr\Usdviewq__init__.py", line 54, in Run
    valid = self.ValidateOptions(arg_parse_result)
  File "D:\dev_alembic\USD_build\lib\python\pxr\Usdviewq__init__.py", line 167, in ValidateOptions
    from pxr import Sdf
  File "D:\dev_alembic\USD_build\lib\python\pxr\Sdf__init__.py", line 24, in <module>
    import _sdf
ImportError: DLL load failed: 指定されたモジュールが見つかりません。</module></module></p>
<p>usdviewを改造してしまおう。
環境変数PATHとPYTHONPATHを追加。
usdview.cmd改造でもよいがpythonの方が書きやすいので。
usdviewの冒頭のimport前に下記を追加。
import os
import sys</p>
<p>basepath=os.path.dirname(os.path.dirname(os.path.abspath(<strong>file</strong>)))
bin_dir=os.path.join(basepath, 'bin')
lib_dir=os.path.join(basepath, 'lib')
libpython_dir=os.path.join(lib_dir, 'python')</p>
<p>sys.path.append(libpython_dir)
os.environ['PATH']="%s;%s;" % (bin_dir, lib_dir) + os.environ['PATH']</p>
<p>import pxr.Usdviewq as Usdviewq</p>
<p>実行。
USD_BUILD\bin&gt; D:\python27\python usdview
usage: usdview [-h] [--renderer {opt,simple}] [--select PRIMPATH]
               [--camera CAMERA] [--mask PRIMPATH[,PRIMPATH...]]
               [--clearsettings] [--norender] [--unloaded] [--timing]
               [--memstats {none,stage,stageAndImaging}]
               [--numThreads NUMTHREADS] [--ff FIRSTFRAME] [--lf LASTFRAME]
               [--complexity COMPLEXITY] [--quitAfterStartup]
               usdFile
usdview: error: too few arguments</p>
<p>引数が必要と。
cube.usd</p>
<h2>usda 1.0</h2>
<p>def Cube "Cube"
{
}</p>
<p>実行。
Warning: in Link at line 180 of D:\dev_alembic\USD\pxr\imaging\lib\hd\glslProgram.cpp -- Failed to link shader:
Geometry shader(s) failed to link.
Geometry link error: HW_UNSUPPORTED.
ERROR: Internal compile error, error code: E_SC_LITERAL_NOT_DEFINED
Shader not supported by HW</p>
<p>Windowは出た。しかしglslのエラーで3DViewの描画ができぬ。
Rx480がだめなのだろうか。
GTX買わねば・・・
Alembic追加する
ToDo</p>
</div>
    </main>
</body></html>
